<?xml version="1.0" encoding="UTF-8"?>
<!-- Generated by org.testng.reporters.JUnitXMLReporter -->
<testsuite ignored="0" hostname="SETRA053" failures="0" tests="2" name="Command line test" time="0.121" errors="0" timestamp="2023-08-02T14:22:52 TRT">
  <testcase classname="Test.MainPageTest" name="@BeforeTest BeforeMethod" time="0.074">
    <failure type="java.lang.IllegalStateException" message="The path to the driver executable The path to the driver executable must be set by the webdriver.chrome.driver system property; for more information, see https://github.com/SeleniumHQ/selenium/wiki/ChromeDriver. The latest version can be downloaded from https://chromedriver.storage.googleapis.com/index.html">
      <![CDATA[java.lang.IllegalStateException: The path to the driver executable The path to the driver executable must be set by the webdriver.chrome.driver system property; for more information, see https://github.com/SeleniumHQ/selenium/wiki/ChromeDriver. The latest version can be downloaded from https://chromedriver.storage.googleapis.com/index.html
at org.openqa.selenium.internal.Require$StateChecker.nonNull(Require.java:311)
at org.openqa.selenium.remote.service.DriverService.findExecutable(DriverService.java:135)
at org.openqa.selenium.chrome.ChromeDriverService.access$000(ChromeDriverService.java:38)
at org.openqa.selenium.chrome.ChromeDriverService$Builder.findDefaultExecutable(ChromeDriverService.java:231)
at org.openqa.selenium.remote.service.DriverService$Builder.build(DriverService.java:437)
at org.openqa.selenium.chrome.ChromeDriverService.createServiceWithConfig(ChromeDriverService.java:141)
at org.openqa.selenium.chrome.ChromeDriver.<init>(ChromeDriver.java:82)
at Base.Base.beforemethod(Base.java:32)
at Test.MainPageTest.BeforeMethod(MainPageTest.java:19)
... Removed 34 stack frames]]>
    </failure>
  </testcase> <!-- @BeforeTest BeforeMethod -->
  <testcase classname="Test.MainPageTest" name="@AfterTest afterMethod" time="-1.690975372595E9">
    <skipped/>
  </testcase> <!-- @AfterTest afterMethod -->
  <testcase classname="Test.MainPageTest" name="CountriesTest" time="0.0">
    <skipped/>
  </testcase> <!-- CountriesTest -->
  <testcase classname="Test.MainPageTest" name="HomePage" time="0.0">
    <skipped/>
  </testcase> <!-- HomePage -->
</testsuite> <!-- Command line test -->
